commit e2161c34d1730b2316289fe1b4392c8148e5c543
Author: Dana Joffe <djoffe94@gmail.com>
Date:   Wed Nov 29 10:17:44 2017 -0800

    added enum to menu to avoid magic numbers

commit a86b0654a9efaca74a65efd49ac16dae39f2da0a
Author: Dana Joffe <djoffe94@gmail.com>
Date:   Tue Nov 28 07:52:43 2017 -0800

    info.txt

commit 4f6f4e050629d868d7144f2da095fd0d503f0571
Author: Dana Joffe <djoffe94@gmail.com>
Date:   Tue Nov 28 01:56:57 2017 -0800

    Decisions_on_system_design.pdf IMPROVED

commit 139e52fac11c1ebff4f2e80357b0aade20f2a9f6
Author: Dana Joffe <djoffe94@gmail.com>
Date:   Mon Nov 27 21:57:24 2017 -0800

    Decisions_on_system_design.pdf

commit e31e9bdb53447077f9d4f71575ecfb0fc7a1341b
Merge: 1b09b09 ff769eb
Author: Dana Joffe <djoffe94@gmail.com>
Date:   Mon Nov 27 20:47:29 2017 -0800

    for updating makefile and oter files
    Merge branch 'master' of https://github.com/chaviva-m/reversi

commit 1b09b09d3a08586a26738803d62122cc5d9eba72
Author: Dana Joffe <djoffe94@gmail.com>
Date:   Mon Nov 27 20:47:14 2017 -0800

    no change

commit ff769eb071f65412859b1c59577ec597f54fa06f
Author: Chaviva Moshavi <chaviva.moshavi@gmail.com>
Date:   Mon Nov 27 21:56:18 2017 +0200

    added openingMenu message. Switched input error string to invalidInput message

commit 2ed582374652a57499f9c0b02e36dc61c6d9771c
Author: Chaviva Moshavi <chaviva.moshavi@gmail.com>
Date:   Mon Nov 27 20:19:35 2017 +0200

    added log

commit a39a3b92862b662735dbbd0288d9e3b53e8781c6
Author: Chaviva Moshavi <chaviva.moshavi@gmail.com>
Date:   Mon Nov 27 20:07:26 2017 +0200

    added tests for getPossibleMoves

commit 96f6ac5559270c5db516993481865fe787013b92
Author: Chaviva Moshavi <chaviva.moshavi@gmail.com>
Date:   Mon Nov 27 19:46:04 2017 +0200

    added git log & took out name from makefile

commit 674e4caae1818940c25ff96edccd2f8f8f326a1f
Author: Chaviva Moshavi <chaviva.moshavi@gmail.com>
Date:   Mon Nov 27 19:39:36 2017 +0200

    added makefile

commit 2d3dd593163ff32dd77445f38f2adfe3b1159444
Author: Chaviva Moshavi <chaviva.moshavi@gmail.com>
Date:   Mon Nov 27 18:17:40 2017 +0200

    added name, ID & documentation

commit f0d6cd3b3ec34688bfecce8e7de1f3256c7e0a2e
Merge: c64f83b 7f46404
Author: Chaviva Moshavi <chaviva.moshavi@gmail.com>
Date:   Mon Nov 27 17:22:57 2017 +0200

    fixed merge conflict

commit c64f83b27556f560a63b6c3fb82937c529d07bf1
Author: Chaviva Moshavi <chaviva.moshavi@gmail.com>
Date:   Mon Nov 27 17:18:30 2017 +0200

    commit additional changes

commit 7f464046756f6a010e5a6de72e9485ef823fd20c
Author: Dana Joffe <djoffe94@gmail.com>
Date:   Mon Nov 27 07:14:29 2017 -0800

    documentation added

commit 4c03054726c7641d7baae62cc966275f3c1bde99
Author: Dana Joffe <djoffe94@gmail.com>
Date:   Sun Nov 26 23:50:16 2017 -0800

    after valgrind check and repair

commit 56615ed025b1e142650c3e663f94750aaaa0a6fa
Merge: bde4e02 2170c64
Author: Chaviva Moshavi <chaviva.moshavi@gmail.com>
Date:   Mon Nov 27 09:35:17 2017 +0200

    Merge branch 'master' of https://github.com/chaviva-m/reversi into HEAD
    merging AIPLayer update in decideOnAMove and input validation in gameSetUP

commit bde4e02d6c185d2d58e752b519f538dddc20c9e0
Author: Chaviva Moshavi <chaviva.moshavi@gmail.com>
Date:   Mon Nov 27 09:34:09 2017 +0200

    added  unit tests

commit db35d3d6998808116758e438420808fe177b2b83
Author: Chaviva Moshavi <chaviva.moshavi@gmail.com>
Date:   Mon Nov 27 09:31:45 2017 +0200

    added overloading in cell and board, wrote unit tests

commit 2170c64b5045b846a128658fc2fba4aebb445d94
Author: Dana Joffe <djoffe94@gmail.com>
Date:   Sun Nov 26 22:46:27 2017 -0800

    added rivalsMoveOptions.empty() to AI player, and an input check to GameSetup

commit 22655c97914ec266ddb9be3065a328282190a386
Author: Dana Joffe <djoffe94@gmail.com>
Date:   Sun Nov 26 13:15:56 2017 -0800

    fixed operator= in cell and board

commit b5de46ab60a28249875c0c500db653aabfa60625
Author: Dana Joffe <djoffe94@gmail.com>
Date:   Sun Nov 26 12:24:43 2017 -0800

    minus infinity

commit fb09f635568ddb8d02f6a144cad5496c825ab6bf
Author: Dana Joffe <djoffe94@gmail.com>
Date:   Sat Nov 25 01:37:32 2017 -0800

    removed old .h files and modified AIPlayer

commit c4e1b9aa8172d59e1c9b765864738f6b12c2045b
Author: Dana Joffe <djoffe94@gmail.com>
Date:   Fri Nov 24 17:42:41 2017 -0800

    a players' menu created

commit 51e5fa88b8d3738684deef158d2d995c12376d52
Author: Dana Joffe <djoffe94@gmail.com>
Date:   Fri Nov 24 17:14:30 2017 -0800

    version With AI player, automatically chosen (a menu is still missing)

commit 2068706129956a5fc15f80c58dbf339545dd260c
Author: Dana Joffe <djoffe94@gmail.com>
Date:   Fri Nov 24 06:29:57 2017 -0800

    all current files: cpp and h

commit 6e923da13bfa39b4747877ed4ebcb3006f34d858
Author: Chaviva Moshavi <chaviva.moshavi@gmail.com>
Date:   Tue Nov 21 15:01:31 2017 +0200

    removing cpp files due to mistake, will add them back

commit 8eed1e8df682e7756696e2e23f4f83495e695343
Author: Chaviva Moshavi <chaviva.moshavi@gmail.com>
Date:   Tue Nov 21 14:57:19 2017 +0200

    21/11 combined chaviva's and dana's codes

commit f269640113952bf6384292b7385b61fa18da8fea
Author: Chaviva Moshavi <chaviva.moshavi@gmail.com>
Date:   Mon Nov 20 17:55:59 2017 +0200

    chaviva's files

commit aa1b029e32fca06e77feb8199dead62e5d4821a0
Author: Dana Joffe <djoffe94@gmail.com>
Date:   Mon Nov 20 07:53:56 2017 -0800

    add all h files

commit 8792b038fa4e3cda70d57ed7f512c59e593190c2
Author: Dana Joffe <djoffe94@gmail.com>
Date:   Mon Nov 20 07:53:35 2017 -0800

    all cpp files

commit 56e63619a804f0b66f40f6f468cf0815ee01aa15
Author: Dana Joffe <djoffe94@gmail.com>
Date:   Mon Nov 20 07:49:04 2017 -0800

    delete test

commit 1f2f5d6ff8c9b2067c21ede9062233246bd4099e
Author: Dana Joffe <djoffe94@gmail.com>
Date:   Mon Nov 20 07:46:31 2017 -0800

    test
